[INFO] Scanning for projects...
[INFO] 
[INFO] ------------------------< com.example:backend >-------------------------
[INFO] Building backend 0.0.1-SNAPSHOT
[INFO]   from pom.xml
[INFO] --------------------------------[ jar ]---------------------------------
[INFO] 
[INFO] >>> spring-boot:3.5.3:run (default-cli) > test-compile @ backend >>>
[INFO] 
[INFO] --- resources:3.3.1:resources (default-resources) @ backend ---
[INFO] Copying 4 resources from src\main\resources to target\classes
[INFO] Copying 0 resource from src\main\resources to target\classes
[INFO] 
[INFO] --- compiler:3.14.0:compile (default-compile) @ backend ---
[INFO] Recompiling the module because of changed source code.
[INFO] Compiling 50 source files with javac [debug parameters release 17] to target\classes
[INFO] -------------------------------------------------------------
[ERROR] COMPILATION ERROR : 
[INFO] -------------------------------------------------------------
[ERROR] /C:/Users/dhond/Ride-Share/ridesharelive-backend-main/src/main/java/com/example/backend/config/RateLimitConfig.java:[3,26] package io.github.bucket4j does not exist
[ERROR] /C:/Users/dhond/Ride-Share/ridesharelive-backend-main/src/main/java/com/example/backend/config/RateLimitConfig.java:[4,26] package io.github.bucket4j does not exist
[ERROR] /C:/Users/dhond/Ride-Share/ridesharelive-backend-main/src/main/java/com/example/backend/config/RateLimitConfig.java:[5,26] package io.github.bucket4j does not exist
[ERROR] /C:/Users/dhond/Ride-Share/ridesharelive-backend-main/src/main/java/com/example/backend/config/RateLimitConfig.java:[15,31] cannot find symbol
  symbol:   class Bucket
  location: class com.example.backend.config.RateLimitConfig
[ERROR] /C:/Users/dhond/Ride-Share/ridesharelive-backend-main/src/main/java/com/example/backend/config/RateLimitConfig.java:[17,12] cannot find symbol
  symbol:   class Bucket
  location: class com.example.backend.config.RateLimitConfig
[ERROR] /C:/Users/dhond/Ride-Share/ridesharelive-backend-main/src/main/java/com/example/backend/config/RateLimitConfig.java:[21,13] cannot find symbol
  symbol:   class Bucket
  location: class com.example.backend.config.RateLimitConfig
[ERROR] /C:/Users/dhond/Ride-Share/ridesharelive-backend-main/src/main/java/com/example/backend/config/RateLimitConfig.java:[28,12] cannot find symbol
  symbol:   class Bucket
  location: class com.example.backend.config.RateLimitConfig
[ERROR] /C:/Users/dhond/Ride-Share/ridesharelive-backend-main/src/main/java/com/example/backend/interceptor/RateLimitInterceptor.java:[4,26] package io.github.bucket4j does not exist
[ERROR] /C:/Users/dhond/Ride-Share/ridesharelive-backend-main/src/main/java/com/example/backend/interceptor/RateLimitInterceptor.java:[5,26] package io.github.bucket4j does not exist
[INFO] 9 errors 
[INFO] -------------------------------------------------------------
[INFO] ------------------------------------------------------------------------
[INFO] BUILD FAILURE
[INFO] ------------------------------------------------------------------------
[INFO] Total time:  8.569 s
[INFO] Finished at: 2026-03-29T10:18:35+05:30
[INFO] ------------------------------------------------------------------------
[ERROR] Failed to execute goal org.apache.maven.plugins:maven-compiler-plugin:3.14.0:compile (default-compile) on project backend: Compilation failure: Compilation failure: 
[ERROR] /C:/Users/dhond/Ride-Share/ridesharelive-backend-main/src/main/java/com/example/backend/config/RateLimitConfig.java:[3,26] package io.github.bucket4j does not exist
[ERROR] /C:/Users/dhond/Ride-Share/ridesharelive-backend-main/src/main/java/com/example/backend/config/RateLimitConfig.java:[4,26] package io.github.bucket4j does not exist
[ERROR] /C:/Users/dhond/Ride-Share/ridesharelive-backend-main/src/main/java/com/example/backend/config/RateLimitConfig.java:[5,26] package io.github.bucket4j does not exist
[ERROR] /C:/Users/dhond/Ride-Share/ridesharelive-backend-main/src/main/java/com/example/backend/config/RateLimitConfig.java:[15,31] cannot find symbol
[ERROR]   symbol:   class Bucket
[ERROR]   location: class com.example.backend.config.RateLimitConfig
[ERROR] /C:/Users/dhond/Ride-Share/ridesharelive-backend-main/src/main/java/com/example/backend/config/RateLimitConfig.java:[17,12] cannot find symbol
[ERROR]   symbol:   class Bucket
[ERROR]   location: class com.example.backend.config.RateLimitConfig
[ERROR] /C:/Users/dhond/Ride-Share/ridesharelive-backend-main/src/main/java/com/example/backend/config/RateLimitConfig.java:[21,13] cannot find symbol
[ERROR]   symbol:   class Bucket
[ERROR]   location: class com.example.backend.config.RateLimitConfig
[ERROR] /C:/Users/dhond/Ride-Share/ridesharelive-backend-main/src/main/java/com/example/backend/config/RateLimitConfig.java:[28,12] cannot find symbol
[ERROR]   symbol:   class Bucket
[ERROR]   location: class com.example.backend.config.RateLimitConfig
[ERROR] /C:/Users/dhond/Ride-Share/ridesharelive-backend-main/src/main/java/com/example/backend/interceptor/RateLimitInterceptor.java:[4,26] package io.github.bucket4j does not exist
[ERROR] /C:/Users/dhond/Ride-Share/ridesharelive-backend-main/src/main/java/com/example/backend/interceptor/RateLimitInterceptor.java:[5,26] package io.github.bucket4j does not exist
[ERROR] -> [Help 1]
[ERROR] 
[ERROR] To see the full stack trace of the errors, re-run Maven with the -e switch.
[ERROR] Re-run Maven using the -X switch to enable full debug logging.
[ERROR] 
[ERROR] For more information about the errors and possible solutions, please read the following articles:
[ERROR] [Help 1] http://cwiki.apache.org/confluence/display/MAVEN/MojoFailureException
